<?xml version="1.0" encoding="UTF-8"?>
<testsuite xmlns:xsi="http://www.w3.org/2001/XMLSchema-instance" xsi:noNamespaceSchemaLocation="https://maven.apache.org/surefire/maven-surefire-plugin/xsd/surefire-test-report.xsd" name="com.accouting.AlertBoxTest" time="73.997" tests="4" errors="1" skipped="0" failures="0">
  <properties>
    <property name="sun.desktop" value="windows"/>
    <property name="awt.toolkit" value="sun.awt.windows.WToolkit"/>
    <property name="java.specification.version" value="11"/>
    <property name="sun.cpu.isalist" value="amd64"/>
    <property name="sun.jnu.encoding" value="Cp1252"/>
    <property name="java.class.path" value="C:\Users\Public\Studies\3_kursas\Pavasario_semestras\Programu_kurimo_procesas\test\target\test-classes;C:\Users\Public\Studies\3_kursas\Pavasario_semestras\Programu_kurimo_procesas\test\target\classes;C:\Users\Simas\.m2\repository\junit\junit\4.11\junit-4.11.jar;C:\Users\Simas\.m2\repository\org\hamcrest\hamcrest-core\1.3\hamcrest-core-1.3.jar;C:\Users\Simas\.m2\repository\org\openjfx\javafx-controls\11.0.1\javafx-controls-11.0.1.jar;C:\Users\Simas\.m2\repository\org\openjfx\javafx-controls\11.0.1\javafx-controls-11.0.1-win.jar;C:\Users\Simas\.m2\repository\org\openjfx\javafx-graphics\11.0.1\javafx-graphics-11.0.1.jar;C:\Users\Simas\.m2\repository\org\openjfx\javafx-graphics\11.0.1\javafx-graphics-11.0.1-win.jar;C:\Users\Simas\.m2\repository\org\openjfx\javafx-base\11.0.1\javafx-base-11.0.1.jar;C:\Users\Simas\.m2\repository\org\openjfx\javafx-base\11.0.1\javafx-base-11.0.1-win.jar;C:\Users\Simas\.m2\repository\org\hibernate\hibernate-core\5.4.11.Final\hibernate-core-5.4.11.Final.jar;C:\Users\Simas\.m2\repository\org\jboss\logging\jboss-logging\3.3.2.Final\jboss-logging-3.3.2.Final.jar;C:\Users\Simas\.m2\repository\javax\persistence\javax.persistence-api\2.2\javax.persistence-api-2.2.jar;C:\Users\Simas\.m2\repository\org\javassist\javassist\3.24.0-GA\javassist-3.24.0-GA.jar;C:\Users\Simas\.m2\repository\net\bytebuddy\byte-buddy\1.10.7\byte-buddy-1.10.7.jar;C:\Users\Simas\.m2\repository\antlr\antlr\2.7.7\antlr-2.7.7.jar;C:\Users\Simas\.m2\repository\org\jboss\spec\javax\transaction\jboss-transaction-api_1.2_spec\1.1.1.Final\jboss-transaction-api_1.2_spec-1.1.1.Final.jar;C:\Users\Simas\.m2\repository\org\jboss\jandex\2.1.1.Final\jandex-2.1.1.Final.jar;C:\Users\Simas\.m2\repository\com\fasterxml\classmate\1.5.1\classmate-1.5.1.jar;C:\Users\Simas\.m2\repository\javax\activation\javax.activation-api\1.2.0\javax.activation-api-1.2.0.jar;C:\Users\Simas\.m2\repository\org\dom4j\dom4j\2.1.1\dom4j-2.1.1.jar;C:\Users\Simas\.m2\repository\org\hibernate\common\hibernate-commons-annotations\5.1.0.Final\hibernate-commons-annotations-5.1.0.Final.jar;C:\Users\Simas\.m2\repository\javax\xml\bind\jaxb-api\2.3.1\jaxb-api-2.3.1.jar;C:\Users\Simas\.m2\repository\org\glassfish\jaxb\jaxb-runtime\2.3.1\jaxb-runtime-2.3.1.jar;C:\Users\Simas\.m2\repository\org\glassfish\jaxb\txw2\2.3.1\txw2-2.3.1.jar;C:\Users\Simas\.m2\repository\com\sun\istack\istack-commons-runtime\3.0.7\istack-commons-runtime-3.0.7.jar;C:\Users\Simas\.m2\repository\org\jvnet\staxex\stax-ex\1.8\stax-ex-1.8.jar;C:\Users\Simas\.m2\repository\com\sun\xml\fastinfoset\FastInfoset\1.2.15\FastInfoset-1.2.15.jar;C:\Users\Simas\.m2\repository\mysql\mysql-connector-java\8.0.22\mysql-connector-java-8.0.22.jar;C:\Users\Simas\.m2\repository\com\google\protobuf\protobuf-java\3.11.4\protobuf-java-3.11.4.jar;C:\Users\Simas\.m2\repository\org\projectlombok\lombok\1.18.20\lombok-1.18.20.jar;C:\Users\Simas\.m2\repository\org\projectlombok\lombok-maven-plugin\1.18.12.0\lombok-maven-plugin-1.18.12.0.jar;C:\Users\Simas\.m2\repository\org\apache\commons\commons-lang3\3.8.1\commons-lang3-3.8.1.jar;C:\Users\Simas\.m2\repository\org\sonatype\plexus\plexus-build-api\0.0.7\plexus-build-api-0.0.7.jar;C:\Users\Simas\.m2\repository\org\codehaus\plexus\plexus-utils\1.5.8\plexus-utils-1.5.8.jar;C:\Users\Simas\.m2\repository\org\openjfx\javafx-fxml\11.0.1\javafx-fxml-11.0.1.jar;C:\Users\Simas\.m2\repository\org\openjfx\javafx-fxml\11.0.1\javafx-fxml-11.0.1-win.jar;C:\Users\Simas\.m2\repository\org\testfx\testfx-core\4.0.16-alpha\testfx-core-4.0.16-alpha.jar;C:\Users\Simas\.m2\repository\org\assertj\assertj-core\3.13.2\assertj-core-3.13.2.jar;C:\Users\Simas\.m2\repository\org\testfx\testfx-junit5\4.0.16-alpha\testfx-junit5-4.0.16-alpha.jar;"/>
    <property name="java.vm.vendor" value="Oracle Corporation"/>
    <property name="sun.arch.data.model" value="64"/>
    <property name="user.variant" value=""/>
    <property name="java.vendor.url" value="https://openjdk.java.net/"/>
    <property name="user.timezone" value="Europe/Helsinki"/>
    <property name="java.vm.specification.version" value="11"/>
    <property name="os.name" value="Windows 10"/>
    <property name="sun.java.launcher" value="SUN_STANDARD"/>
    <property name="user.country" value="US"/>
    <property name="sun.boot.library.path" value="C:\Program Files\Java\jdk-11.0.10\bin"/>
    <property name="sun.java.command" value="C:\Users\Simas\AppData\Local\Temp\surefire15609958834231006266\surefirebooter12104899193921067979.jar C:\Users\Simas\AppData\Local\Temp\surefire15609958834231006266 2021-04-11T17-01-03_587-jvmRun1 surefire16705201858482725437tmp surefire_08615522807296063630tmp"/>
    <property name="jdk.debug" value="release"/>
    <property name="surefire.test.class.path" value="C:\Users\Public\Studies\3_kursas\Pavasario_semestras\Programu_kurimo_procesas\test\target\test-classes;C:\Users\Public\Studies\3_kursas\Pavasario_semestras\Programu_kurimo_procesas\test\target\classes;C:\Users\Simas\.m2\repository\junit\junit\4.11\junit-4.11.jar;C:\Users\Simas\.m2\repository\org\hamcrest\hamcrest-core\1.3\hamcrest-core-1.3.jar;C:\Users\Simas\.m2\repository\org\openjfx\javafx-controls\11.0.1\javafx-controls-11.0.1.jar;C:\Users\Simas\.m2\repository\org\openjfx\javafx-controls\11.0.1\javafx-controls-11.0.1-win.jar;C:\Users\Simas\.m2\repository\org\openjfx\javafx-graphics\11.0.1\javafx-graphics-11.0.1.jar;C:\Users\Simas\.m2\repository\org\openjfx\javafx-graphics\11.0.1\javafx-graphics-11.0.1-win.jar;C:\Users\Simas\.m2\repository\org\openjfx\javafx-base\11.0.1\javafx-base-11.0.1.jar;C:\Users\Simas\.m2\repository\org\openjfx\javafx-base\11.0.1\javafx-base-11.0.1-win.jar;C:\Users\Simas\.m2\repository\org\hibernate\hibernate-core\5.4.11.Final\hibernate-core-5.4.11.Final.jar;C:\Users\Simas\.m2\repository\org\jboss\logging\jboss-logging\3.3.2.Final\jboss-logging-3.3.2.Final.jar;C:\Users\Simas\.m2\repository\javax\persistence\javax.persistence-api\2.2\javax.persistence-api-2.2.jar;C:\Users\Simas\.m2\repository\org\javassist\javassist\3.24.0-GA\javassist-3.24.0-GA.jar;C:\Users\Simas\.m2\repository\net\bytebuddy\byte-buddy\1.10.7\byte-buddy-1.10.7.jar;C:\Users\Simas\.m2\repository\antlr\antlr\2.7.7\antlr-2.7.7.jar;C:\Users\Simas\.m2\repository\org\jboss\spec\javax\transaction\jboss-transaction-api_1.2_spec\1.1.1.Final\jboss-transaction-api_1.2_spec-1.1.1.Final.jar;C:\Users\Simas\.m2\repository\org\jboss\jandex\2.1.1.Final\jandex-2.1.1.Final.jar;C:\Users\Simas\.m2\repository\com\fasterxml\classmate\1.5.1\classmate-1.5.1.jar;C:\Users\Simas\.m2\repository\javax\activation\javax.activation-api\1.2.0\javax.activation-api-1.2.0.jar;C:\Users\Simas\.m2\repository\org\dom4j\dom4j\2.1.1\dom4j-2.1.1.jar;C:\Users\Simas\.m2\repository\org\hibernate\common\hibernate-commons-annotations\5.1.0.Final\hibernate-commons-annotations-5.1.0.Final.jar;C:\Users\Simas\.m2\repository\javax\xml\bind\jaxb-api\2.3.1\jaxb-api-2.3.1.jar;C:\Users\Simas\.m2\repository\org\glassfish\jaxb\jaxb-runtime\2.3.1\jaxb-runtime-2.3.1.jar;C:\Users\Simas\.m2\repository\org\glassfish\jaxb\txw2\2.3.1\txw2-2.3.1.jar;C:\Users\Simas\.m2\repository\com\sun\istack\istack-commons-runtime\3.0.7\istack-commons-runtime-3.0.7.jar;C:\Users\Simas\.m2\repository\org\jvnet\staxex\stax-ex\1.8\stax-ex-1.8.jar;C:\Users\Simas\.m2\repository\com\sun\xml\fastinfoset\FastInfoset\1.2.15\FastInfoset-1.2.15.jar;C:\Users\Simas\.m2\repository\mysql\mysql-connector-java\8.0.22\mysql-connector-java-8.0.22.jar;C:\Users\Simas\.m2\repository\com\google\protobuf\protobuf-java\3.11.4\protobuf-java-3.11.4.jar;C:\Users\Simas\.m2\repository\org\projectlombok\lombok\1.18.20\lombok-1.18.20.jar;C:\Users\Simas\.m2\repository\org\projectlombok\lombok-maven-plugin\1.18.12.0\lombok-maven-plugin-1.18.12.0.jar;C:\Users\Simas\.m2\repository\org\apache\commons\commons-lang3\3.8.1\commons-lang3-3.8.1.jar;C:\Users\Simas\.m2\repository\org\sonatype\plexus\plexus-build-api\0.0.7\plexus-build-api-0.0.7.jar;C:\Users\Simas\.m2\repository\org\codehaus\plexus\plexus-utils\1.5.8\plexus-utils-1.5.8.jar;C:\Users\Simas\.m2\repository\org\openjfx\javafx-fxml\11.0.1\javafx-fxml-11.0.1.jar;C:\Users\Simas\.m2\repository\org\openjfx\javafx-fxml\11.0.1\javafx-fxml-11.0.1-win.jar;C:\Users\Simas\.m2\repository\org\testfx\testfx-core\4.0.16-alpha\testfx-core-4.0.16-alpha.jar;C:\Users\Simas\.m2\repository\org\assertj\assertj-core\3.13.2\assertj-core-3.13.2.jar;C:\Users\Simas\.m2\repository\org\testfx\testfx-junit5\4.0.16-alpha\testfx-junit5-4.0.16-alpha.jar;"/>
    <property name="sun.cpu.endian" value="little"/>
    <property name="user.home" value="C:\Users\Simas"/>
    <property name="user.language" value="en"/>
    <property name="java.specification.vendor" value="Oracle Corporation"/>
    <property name="java.version.date" value="2021-01-19"/>
    <property name="java.home" value="C:\Program Files\Java\jdk-11.0.10"/>
    <property name="file.separator" value="\"/>
    <property name="basedir" value="C:\Users\Public\Studies\3_kursas\Pavasario_semestras\Programu_kurimo_procesas\test"/>
    <property name="java.vm.compressedOopsMode" value="32-bit"/>
    <property name="line.separator" value="&#10;"/>
    <property name="java.specification.name" value="Java Platform API Specification"/>
    <property name="java.vm.specification.vendor" value="Oracle Corporation"/>
    <property name="java.awt.graphicsenv" value="sun.awt.Win32GraphicsEnvironment"/>
    <property name="surefire.real.class.path" value="C:\Users\Simas\AppData\Local\Temp\surefire15609958834231006266\surefirebooter12104899193921067979.jar"/>
    <property name="user.script" value=""/>
    <property name="sun.management.compiler" value="HotSpot 64-Bit Tiered Compilers"/>
    <property name="java.runtime.version" value="11.0.10+8-LTS-162"/>
    <property name="user.name" value="Simas"/>
    <property name="path.separator" value=";"/>
    <property name="os.version" value="10.0"/>
    <property name="java.runtime.name" value="Java(TM) SE Runtime Environment"/>
    <property name="file.encoding" value="Cp1252"/>
    <property name="java.vm.name" value="Java HotSpot(TM) 64-Bit Server VM"/>
    <property name="java.vendor.version" value="18.9"/>
    <property name="localRepository" value="C:\Users\Simas\.m2\repository"/>
    <property name="java.vendor.url.bug" value="https://bugreport.java.com/bugreport/"/>
    <property name="java.io.tmpdir" value="C:\Users\Simas\AppData\Local\Temp\"/>
    <property name="java.version" value="11.0.10"/>
    <property name="user.dir" value="C:\Users\Public\Studies\3_kursas\Pavasario_semestras\Programu_kurimo_procesas\test"/>
    <property name="os.arch" value="amd64"/>
    <property name="java.vm.specification.name" value="Java Virtual Machine Specification"/>
    <property name="java.awt.printerjob" value="sun.awt.windows.WPrinterJob"/>
    <property name="sun.os.patch.level" value=""/>
    <property name="java.library.path" value="C:\Program Files\Java\jdk-11.0.10\bin;C:\WINDOWS\Sun\Java\bin;C:\WINDOWS\system32;C:\WINDOWS;C:\Program Files\Microsoft MPI\Bin\;C:\Program Files\Java\jdk-11.0.10\bin;C:\WINDOWS\system32;C:\WINDOWS;C:\WINDOWS\System32\Wbem;C:\WINDOWS\System32\WindowsPowerShell\v1.0\;C:\WINDOWS\System32\OpenSSH\;C:\Program Files (x86)\NVIDIA Corporation\PhysX\Common;C:\Program Files\dotnet\;C:\Program Files\Microsoft SQL Server\Client SDK\ODBC\170\Tools\Binn\;C:\Program Files (x86)\Microsoft SQL Server\150\Tools\Binn\;C:\Program Files\Microsoft SQL Server\150\Tools\Binn\;C:\Program Files\Microsoft SQL Server\150\DTS\Binn\;C:\Program Files (x86)\Microsoft SQL Server\150\DTS\Binn\;C:\Program Files\Git\cmd;C:\WINDOWS\system32;C:\WINDOWS;C:\WINDOWS\System32\Wbem;C:\WINDOWS\System32\WindowsPowerShell\v1.0\;C:\WINDOWS\System32\OpenSSH\;C:\xampp\mysql\bin;C:\Program Files\nodejs\;C:\Program Files (x86)\PuTTY\;C:\Users\Simas\AppData\Roaming\nvm;C:\Program Files\nodejs;C:\Users\Simas\AppData\Roaming\jupyter;C:\Users\Simas\AppData\Local\Packages\PythonSoftwareFoundation.Python.3.8_qbz5n2kfra8p0\LocalCache\local-packages\Python38\Scripts;C:\Program Files\CMake\bin;C:\MinGW\bin;C:\MinGW\mingw32\bin;C:\MinGW\bin\mingw32-make.exe;C:\Program Files (x86)\STMicroelectronics\STM32 ST-LINK Utility\ST-LINK Utility;C:\Program Files\Sublime Text 3;C:\Program Files\apache-maven-3.6.3\bin;C:\Program Files (x86)\GNU Arm Embedded Toolchain\10 2020-q4-major\bin;C:\Users\Simas\AppData\Local\Microsoft\WindowsApps;C:\Program Files\Java\jdk-13.0.2\bin;C:\Users\Simas\AppData\Local\Programs\Microsoft VS Code\bin;C:\Program Files\JetBrains\IntelliJ IDEA 2020.2.1\bin;;C:\Users\Simas\AppData\Local\GitHubDesktop\bin;C:\php;C:\Users\Simas\AppData\Roaming\npm;C:\Users\Simas\AppData\Roaming\nvm;C:\Program Files\nodejs;C:\Users\Simas\AppData\Roaming\jupyter;C:\Program Files\JetBrains\CLion 2020.3.2\bin;C:\Users\Simas\Desktop\Apache-JMeter-5.4.1\bin;;C:\Program Files\Java\jdk-11.0.10bin;C:\Program Files\Sublime Text 3;C:\Program Files\heroku\bin;C:\Selenium;;C:\Program Files\JetBrains\PyCharm 2020.3.3\bin;;."/>
    <property name="java.vendor" value="Oracle Corporation"/>
    <property name="java.vm.info" value="mixed mode"/>
    <property name="java.vm.version" value="11.0.10+8-LTS-162"/>
    <property name="sun.io.unicode.encoding" value="UnicodeLittle"/>
    <property name="java.class.version" value="55.0"/>
  </properties>
  <testcase name="errorDialogIsShownWhenEnteredNotValidEmail" classname="com.accouting.AlertBoxTest" time="45.217"/>
  <testcase name="errorMessageAppearsIfEnteredNotValidUsernameOrPasswordsWhenLogin" classname="com.accouting.AlertBoxTest" time="10.877"/>
  <testcase name="errorDialogIsShownWhenEmailValueNotEntered" classname="com.accouting.AlertBoxTest" time="6.908"/>
  <testcase name="errorMessageAppearsIfCategoryNotSelected" classname="com.accouting.AlertBoxTest" time="10.635">
    <error message="the query &quot;#accessSelectedRootCategoryBtn&quot; returned no nodes." type="org.testfx.api.FxRobotException">org.testfx.api.FxRobotException: the query "#accessSelectedRootCategoryBtn" returned no nodes.
	at com.accouting.AlertBoxTest.errorMessageAppearsIfCategoryNotSelected(AlertBoxTest.java:26)
</error>
    <system-out><![CDATA[Hibernate: select user0_.userID as userid1_6_, user0_.address as address2_6_, user0_.companyCode as companyc3_6_, user0_.email as email4_6_, user0_.name as name5_6_, user0_.password as password6_6_, user0_.phone as phone7_6_, user0_.surname as surname8_6_, user0_.userType as usertype9_6_, user0_.username as usernam10_6_ from User user0_
Hibernate: select categories0_.responsibleUsers_userID as responsi1_7_0_, categories0_.categoriesResponsible_categoryID as categori2_7_0_, category1_.categoryID as category1_0_1_, category1_.categoryName as category2_0_1_, category1_.overallFinances as overallf3_0_1_, category1_.parentCategory_categoryID as parentca4_0_1_, category2_.categoryID as category1_0_2_, category2_.categoryName as category2_0_2_, category2_.overallFinances as overallf3_0_2_, category2_.parentCategory_categoryID as parentca4_0_2_ from User_Category categories0_ inner join Category category1_ on categories0_.categoriesResponsible_categoryID=category1_.categoryID left outer join Category category2_ on category1_.parentCategory_categoryID=category2_.categoryID where categories0_.responsibleUsers_userID=?
Hibernate: select categories0_.responsibleUsers_userID as responsi1_7_0_, categories0_.categoriesResponsible_categoryID as categori2_7_0_, category1_.categoryID as category1_0_1_, category1_.categoryName as category2_0_1_, category1_.overallFinances as overallf3_0_1_, category1_.parentCategory_categoryID as parentca4_0_1_, category2_.categoryID as category1_0_2_, category2_.categoryName as category2_0_2_, category2_.overallFinances as overallf3_0_2_, category2_.parentCategory_categoryID as parentca4_0_2_ from User_Category categories0_ inner join Category category1_ on categories0_.categoriesResponsible_categoryID=category1_.categoryID left outer join Category category2_ on category1_.parentCategory_categoryID=category2_.categoryID where categories0_.responsibleUsers_userID=?
Hibernate: select categories0_.responsibleUsers_userID as responsi1_7_0_, categories0_.categoriesResponsible_categoryID as categori2_7_0_, category1_.categoryID as category1_0_1_, category1_.categoryName as category2_0_1_, category1_.overallFinances as overallf3_0_1_, category1_.parentCategory_categoryID as parentca4_0_1_, category2_.categoryID as category1_0_2_, category2_.categoryName as category2_0_2_, category2_.overallFinances as overallf3_0_2_, category2_.parentCategory_categoryID as parentca4_0_2_ from User_Category categories0_ inner join Category category1_ on categories0_.categoriesResponsible_categoryID=category1_.categoryID left outer join Category category2_ on category1_.parentCategory_categoryID=category2_.categoryID where categories0_.responsibleUsers_userID=?
Hibernate: select categories0_.responsibleUsers_userID as responsi1_7_0_, categories0_.categoriesResponsible_categoryID as categori2_7_0_, category1_.categoryID as category1_0_1_, category1_.categoryName as category2_0_1_, category1_.overallFinances as overallf3_0_1_, category1_.parentCategory_categoryID as parentca4_0_1_, category2_.categoryID as category1_0_2_, category2_.categoryName as category2_0_2_, category2_.overallFinances as overallf3_0_2_, category2_.parentCategory_categoryID as parentca4_0_2_ from User_Category categories0_ inner join Category category1_ on categories0_.categoriesResponsible_categoryID=category1_.categoryID left outer join Category category2_ on category1_.parentCategory_categoryID=category2_.categoryID where categories0_.responsibleUsers_userID=?
Hibernate: select categories0_.responsibleUsers_userID as responsi1_7_0_, categories0_.categoriesResponsible_categoryID as categori2_7_0_, category1_.categoryID as category1_0_1_, category1_.categoryName as category2_0_1_, category1_.overallFinances as overallf3_0_1_, category1_.parentCategory_categoryID as parentca4_0_1_, category2_.categoryID as category1_0_2_, category2_.categoryName as category2_0_2_, category2_.overallFinances as overallf3_0_2_, category2_.parentCategory_categoryID as parentca4_0_2_ from User_Category categories0_ inner join Category category1_ on categories0_.categoriesResponsible_categoryID=category1_.categoryID left outer join Category category2_ on category1_.parentCategory_categoryID=category2_.categoryID where categories0_.responsibleUsers_userID=?
Hibernate: select categories0_.responsibleUsers_userID as responsi1_7_0_, categories0_.categoriesResponsible_categoryID as categori2_7_0_, category1_.categoryID as category1_0_1_, category1_.categoryName as category2_0_1_, category1_.overallFinances as overallf3_0_1_, category1_.parentCategory_categoryID as parentca4_0_1_, category2_.categoryID as category1_0_2_, category2_.categoryName as category2_0_2_, category2_.overallFinances as overallf3_0_2_, category2_.parentCategory_categoryID as parentca4_0_2_ from User_Category categories0_ inner join Category category1_ on categories0_.categoriesResponsible_categoryID=category1_.categoryID left outer join Category category2_ on category1_.parentCategory_categoryID=category2_.categoryID where categories0_.responsibleUsers_userID=?
Hibernate: select categories0_.responsibleUsers_userID as responsi1_7_0_, categories0_.categoriesResponsible_categoryID as categori2_7_0_, category1_.categoryID as category1_0_1_, category1_.categoryName as category2_0_1_, category1_.overallFinances as overallf3_0_1_, category1_.parentCategory_categoryID as parentca4_0_1_, category2_.categoryID as category1_0_2_, category2_.categoryName as category2_0_2_, category2_.overallFinances as overallf3_0_2_, category2_.parentCategory_categoryID as parentca4_0_2_ from User_Category categories0_ inner join Category category1_ on categories0_.categoriesResponsible_categoryID=category1_.categoryID left outer join Category category2_ on category1_.parentCategory_categoryID=category2_.categoryID where categories0_.responsibleUsers_userID=?
Hibernate: select categories0_.responsibleUsers_userID as responsi1_7_0_, categories0_.categoriesResponsible_categoryID as categori2_7_0_, category1_.categoryID as category1_0_1_, category1_.categoryName as category2_0_1_, category1_.overallFinances as overallf3_0_1_, category1_.parentCategory_categoryID as parentca4_0_1_, category2_.categoryID as category1_0_2_, category2_.categoryName as category2_0_2_, category2_.overallFinances as overallf3_0_2_, category2_.parentCategory_categoryID as parentca4_0_2_ from User_Category categories0_ inner join Category category1_ on categories0_.categoriesResponsible_categoryID=category1_.categoryID left outer join Category category2_ on category1_.parentCategory_categoryID=category2_.categoryID where categories0_.responsibleUsers_userID=?
[User{userID=2, name='simonas', User{userID=3, name='asd', User{userID=5, name='dsa', User{userID=6, name='uiui', User{userID=7, name='asd', User{userID=8, name='645', User{userID=9, name='asd', User{userID=10, name='admin']
]]></system-out>
    <system-err><![CDATA[Apr 11, 2021 5:01:40 PM org.hibernate.jpa.internal.util.LogHelper logPersistenceUnitInformation
INFO: HHH000204: Processing PersistenceUnitInfo [name: AccountingSystem_GUI_DB]
Apr 11, 2021 5:01:40 PM org.hibernate.engine.jdbc.connections.internal.DriverManagerConnectionProviderImpl configure
WARN: HHH10001002: Using Hibernate built-in connection pool (not for production use!)
Apr 11, 2021 5:01:40 PM org.hibernate.engine.jdbc.connections.internal.DriverManagerConnectionProviderImpl buildCreator
INFO: HHH10001005: using driver [com.mysql.cj.jdbc.Driver] at URL [jdbc:mysql://localhost:3306/accountingsystem?createDatabaseIfNotExist=true&useUnicode=yes&characterEncoding=UTF-8]
Apr 11, 2021 5:01:40 PM org.hibernate.engine.jdbc.connections.internal.DriverManagerConnectionProviderImpl buildCreator
INFO: HHH10001001: Connection properties: {password=****, user=root}
Apr 11, 2021 5:01:40 PM org.hibernate.engine.jdbc.connections.internal.DriverManagerConnectionProviderImpl buildCreator
INFO: HHH10001003: Autocommit mode: false
Apr 11, 2021 5:01:40 PM org.hibernate.engine.jdbc.connections.internal.DriverManagerConnectionProviderImpl$PooledConnections <init>
INFO: HHH000115: Hibernate connection pool size: 20 (min=1)
Apr 11, 2021 5:01:40 PM org.hibernate.dialect.Dialect <init>
INFO: HHH000400: Using dialect: org.hibernate.dialect.MySQL55Dialect
Apr 11, 2021 5:01:41 PM org.hibernate.resource.transaction.backend.jdbc.internal.DdlTransactionIsolatorNonJtaImpl getIsolatedConnection
INFO: HHH10001501: Connection obtained from JdbcConnectionAccess [org.hibernate.engine.jdbc.env.internal.JdbcEnvironmentInitiator$ConnectionProviderJdbcConnectionAccess@58252b3c] for (non-JTA) DDL execution was not in auto-commit mode; the Connection 'local transaction' will be committed and the Connection will be set into auto-commit mode.
Apr 11, 2021 5:01:42 PM org.hibernate.engine.transaction.jta.platform.internal.JtaPlatformInitiator initiateService
INFO: HHH000490: Using JtaPlatform implementation: [org.hibernate.engine.transaction.jta.platform.internal.NoJtaPlatform]
]]></system-err>
  </testcase>
</testsuite>